Copyright 1986-2022 Xilinx, Inc. All Rights Reserved.
-----------------------------------------------------------------------------------------
| Tool Version      : Vivado v.2022.2 (lin64) Build 3671981 Fri Oct 14 04:59:54 MDT 2022
| Date              : Tue Jun 20 12:31:17 2023
| Host              : HP-EliteDesk-800-G2-TWR running 64-bit Ubuntu 22.04.2 LTS
| Command           : report_cdc -file reports/ariane.cdc.rpt
| Design            : ariane_xilinx
| Device            : xcku5p-ffvb676
| Speed File        : -2  PRODUCTION 1.29 05-01-2022
| Temperature Grade : E
-----------------------------------------------------------------------------------------

CDC Report

Severity  Source Clock           Destination Clock      CDC Type                 Exceptions               Endpoints  Safe  Unsafe  Unknown  No ASYNC_REG  
--------  ---------------------  ---------------------  -----------------------  -----------------------  ---------  ----  ------  -------  ------------  
Critical  mmcm_clkout0           clk_out1_xlnx_clk_gen  No Common Primary Clock  None                           868   789       0       79             0  
Critical  clk_out1_xlnx_clk_gen  mmcm_clkout0           No Common Primary Clock  None                          1019   958       0       61             0  
Critical  input port clock       tck                    No Common Primary Clock  False Path                     207     0       0      207             0  
Warning   tck                    clk_out1_xlnx_clk_gen  No Common Primary Clock  None                            43    43       0        0             1  
Warning   clk_out1_xlnx_clk_gen  tck                    No Common Primary Clock  Max Delay Datapath Only         36    36       0        0             1  
Info      input port clock       c0_sys_clk_p           No Common Primary Clock  False Path                       1     1       0        0             0  
Info      input port clock       clk_out1_xlnx_clk_gen  No Common Primary Clock  False Path                       5     5       0        0             0  
Info      c0_sys_clk_p           mmcm_clkout0           User Ignored             False Path                       1     1       0        0             0  
Info      mmcm_clkout6           mmcm_clkout0           Safely Timed             Max Delay Datapath Only        109   109       0        0             0  
Info      c0_sys_clk_p           mmcm_clkout6           User Ignored             False Path                       2     2       0        0             0  
Info      mmcm_clkout0           mmcm_clkout6           Safely Timed             None                            36    36       0        0             0  
Info      mmcm_clkout0           pll_clk[0]_DIV         Safely Timed             None                           384   384       0        0             0  
Info      mmcm_clkout0           pll_clk[1]_DIV         Safely Timed             None                           176   176       0        0             0  

