Copyright 1986-2022 Xilinx, Inc. All Rights Reserved.
-------------------------------------------------------------------------------------------------------------
| Tool Version      : Vivado v.2022.2 (lin64) Build 3671981 Fri Oct 14 04:59:54 MDT 2022
| Date              : Sat Jul  8 12:13:32 2023
| Host              : HP-EliteDesk-800-G2-TWR running 64-bit Ubuntu 22.04.2 LTS
| Command           : report_timing -nworst 1 -delay_type max -sort_by group -file reports/ariane.timing.rpt
| Design            : ariane_xilinx
| Device            : xcku5p-ffvb676
| Speed File        : -2  PRODUCTION 1.29 05-01-2022
| Temperature Grade : E
-------------------------------------------------------------------------------------------------------------

Timing Report

Slack (VIOLATED) :        -0.347ns  (required time - arrival time)
  Source:                 i_ddr/inst/div_clk_rst_r1_reg/C
                            (rising edge-triggered cell FDRE clocked by mmcm_clkout0  {rise@0.000ns fall@1.500ns period=3.001ns})
  Destination:            i_dm_top/i_dm_csrs/progbuf_q_reg[2][14]/CLR
                            (recovery check against rising-edge clock clk_out1_xlnx_clk_gen  {rise@0.000ns fall@10.000ns period=20.000ns})
  Path Group:             **async_default**
  Path Type:              Recovery (Max at Slow Process Corner)
  Requirement:            0.404ns  (clk_out1_xlnx_clk_gen rise@2980.000ns - mmcm_clkout0 rise@2979.596ns)
  Data Path Delay:        0.777ns  (logic 0.079ns (10.165%)  route 0.698ns (89.835%))
  Logic Levels:           0  
  Clock Path Skew:        0.306ns (DCD - SCD + CPR)
    Destination Clock Delay (DCD):    3.973ns = ( 2983.973 - 2980.000 ) 
    Source Clock Delay      (SCD):    3.666ns = ( 2983.262 - 2979.596 ) 
    Clock Pessimism Removal (CPR):    0.000ns
  Clock Uncertainty:      0.215ns  ((TSJ^2 + DJ^2)^1/2) / 2 + PE
    Total System Jitter     (TSJ):    0.071ns
    Discrete Jitter          (DJ):    0.121ns
    Phase Error              (PE):    0.145ns
  Clock Net Delay (Source):      1.649ns (routing 0.833ns, distribution 0.816ns)
  Clock Net Delay (Destination): 1.722ns (routing 0.855ns, distribution 0.867ns)
  Clock Domain Crossing:  Inter clock paths are considered valid unless explicitly excluded by timing constraints such as set_clock_groups or set_false_path.

    Location             Delay type                Incr(ns)  Path(ns)    Netlist Resource(s)
  -------------------------------------------------------------------    -------------------
                         (clock mmcm_clkout0 rise edge)
                                                   2979.596  2979.596 r  
    K22                                               0.000  2979.596 r  c0_sys_clk_p (IN)
                         net (fo=0)                   0.100  2979.696    i_ddr/inst/u_ddr4_mem_intfc/u_mig_ddr4_phy/inst/u_ddr4_phy_pll/diff_input_clk.u_ibufg_sys_clk/I
    HPIOBDIFFINBUF_X0Y58 DIFFINBUF (Prop_DIFFINBUF_HPIOBDIFFINBUF_DIFF_IN_P_O)
                                                      0.469  2980.165 r  i_ddr/inst/u_ddr4_mem_intfc/u_mig_ddr4_phy/inst/u_ddr4_phy_pll/diff_input_clk.u_ibufg_sys_clk/DIFFINBUF_INST/O
                         net (fo=1, routed)           0.050  2980.215    i_ddr/inst/u_ddr4_mem_intfc/u_mig_ddr4_phy/inst/u_ddr4_phy_pll/diff_input_clk.u_ibufg_sys_clk/OUT
    K22                  IBUFCTRL (Prop_IBUFCTRL_HPIOB_M_I_O)
                                                      0.000  2980.215 r  i_ddr/inst/u_ddr4_mem_intfc/u_mig_ddr4_phy/inst/u_ddr4_phy_pll/diff_input_clk.u_ibufg_sys_clk/IBUFCTRL_INST/O
                         net (fo=2, routed)           0.336  2980.551    i_ddr/inst/u_ddr4_mem_intfc/u_mig_ddr4_phy/inst/u_ddr4_phy_pll/sys_clk_in
    BUFGCE_X0Y54         BUFGCE (Prop_BUFCE_BUFGCE_I_O)
                                                      0.028  2980.579 r  i_ddr/inst/u_ddr4_mem_intfc/u_mig_ddr4_phy/inst/u_ddr4_phy_pll/sys_clk_in_BUFGCE_collapsed_inst/O
                         net (fo=18, routed)          0.888  2981.467    i_ddr/inst/u_ddr4_infrastructure/mmcm_clk_in
    MMCM_X0Y3            MMCME4_ADV (Prop_MMCM_CLKIN1_CLKOUT0)
                                                     -0.127  2981.340 r  i_ddr/inst/u_ddr4_infrastructure/gen_mmcme4.u_mmcme_adv_inst/CLKOUT0
                         net (fo=1, routed)           0.245  2981.585    i_ddr/inst/u_ddr4_infrastructure/mmcm_clkout0
    BUFGCE_X0Y93         BUFGCE (Prop_BUFCE_BUFGCE_I_O)
                                                      0.028  2981.614 r  i_ddr/inst/u_ddr4_infrastructure/u_bufg_divClk/O
    X0Y2 (CLOCK_ROOT)    net (fo=14077, routed)       1.649  2983.262    i_ddr/inst/c0_ddr4_ui_clk
    SLICE_X28Y135        FDRE                                         r  i_ddr/inst/div_clk_rst_r1_reg/C
  -------------------------------------------------------------------    -------------------
    SLICE_X28Y135        FDRE (Prop_EFF2_SLICEM_C_Q)
                                                      0.079  2983.342 f  i_ddr/inst/div_clk_rst_r1_reg/Q
                         net (fo=867, routed)         0.698  2984.040    i_dm_top/i_dm_csrs/c0_ddr4_ui_clk_sync_rst
    SLICE_X33Y118        FDCE                                         f  i_dm_top/i_dm_csrs/progbuf_q_reg[2][14]/CLR
  -------------------------------------------------------------------    -------------------

                         (clock clk_out1_xlnx_clk_gen rise edge)
                                                   2980.000  2980.000 r  
    BUFGCE_X0Y95         BUFGCE                       0.000  2980.000 r  i_ddr/inst/u_ddr4_infrastructure/u_bufg_addn_ui_clk_1/O
                         net (fo=1, routed)           1.381  2981.381    i_xlnx_clk_gen/inst/clk_in1
    MMCM_X0Y2            MMCME4_ADV (Prop_MMCM_CLKIN1_CLKOUT0)
                                                      0.630  2982.011 r  i_xlnx_clk_gen/inst/mmcme4_adv_inst/CLKOUT0
                         net (fo=1, routed)           0.216  2982.227    i_xlnx_clk_gen/inst/clk_out1_xlnx_clk_gen
    BUFGCE_X0Y53         BUFGCE (Prop_BUFCE_BUFGCE_I_O)
                                                      0.024  2982.251 r  i_xlnx_clk_gen/inst/clkout1_buf/O
    X1Y1 (CLOCK_ROOT)    net (fo=36506, routed)       1.722  2983.973    i_dm_top/i_dm_csrs/clk_out1
    SLICE_X33Y118        FDCE                                         r  i_dm_top/i_dm_csrs/progbuf_q_reg[2][14]/C
                         clock pessimism              0.000  2983.973    
                         clock uncertainty           -0.215  2983.758    
    SLICE_X33Y118        FDCE (Recov_AFF_SLICEL_C_CLR)
                                                     -0.066  2983.692    i_dm_top/i_dm_csrs/progbuf_q_reg[2][14]
  -------------------------------------------------------------------
                         required time                       2983.692    
                         arrival time                       -2984.040    
  -------------------------------------------------------------------
                         slack                                 -0.347    

Slack (MET) :             0.048ns  (required time - arrival time)
  Source:                 i_axi_dwidth_converter_256_64/inst/gen_upsizer.gen_full_upsizer.axi_upsizer_inst/si_register_slice_inst/aw.aw_pipe/m_payload_i_reg[42]/C
                            (rising edge-triggered cell FDRE clocked by mmcm_clkout0  {rise@0.000ns fall@1.500ns period=3.001ns})
  Destination:            i_ddr/inst/u_ddr_axi/axi_b_channel_0/bid_fifo_0/cnt_read_reg[0]/CE
                            (rising edge-triggered cell FDSE clocked by mmcm_clkout0  {rise@0.000ns fall@1.500ns period=3.001ns})
  Path Group:             mmcm_clkout0
  Path Type:              Setup (Max at Slow Process Corner)
  Requirement:            3.001ns  (mmcm_clkout0 rise@3.001ns - mmcm_clkout0 rise@0.000ns)
  Data Path Delay:        2.742ns  (logic 1.165ns (42.492%)  route 1.577ns (57.508%))
  Logic Levels:           11  (CARRY8=1 LUT2=1 LUT3=1 LUT5=1 LUT6=7)
  Clock Path Skew:        -0.088ns (DCD - SCD + CPR)
    Destination Clock Delay (DCD):    3.973ns = ( 6.974 - 3.001 ) 
    Source Clock Delay      (SCD):    3.730ns
    Clock Pessimism Removal (CPR):    -0.331ns
  Clock Uncertainty:      0.062ns  ((TSJ^2 + DJ^2)^1/2) / 2 + PE
    Total System Jitter     (TSJ):    0.071ns
    Discrete Jitter          (DJ):    0.103ns
    Phase Error              (PE):    0.000ns
  Clock Net Delay (Source):      1.713ns (routing 0.833ns, distribution 0.880ns)
  Clock Net Delay (Destination): 1.509ns (routing 0.756ns, distribution 0.753ns)

    Location             Delay type                Incr(ns)  Path(ns)    Netlist Resource(s)
  -------------------------------------------------------------------    -------------------
                         (clock mmcm_clkout0 rise edge)
                                                      0.000     0.000 r  
    K22                                               0.000     0.000 r  c0_sys_clk_p (IN)
                         net (fo=0)                   0.100     0.100    i_ddr/inst/u_ddr4_mem_intfc/u_mig_ddr4_phy/inst/u_ddr4_phy_pll/diff_input_clk.u_ibufg_sys_clk/I
    HPIOBDIFFINBUF_X0Y58 DIFFINBUF (Prop_DIFFINBUF_HPIOBDIFFINBUF_DIFF_IN_P_O)
                                                      0.469     0.569 r  i_ddr/inst/u_ddr4_mem_intfc/u_mig_ddr4_phy/inst/u_ddr4_phy_pll/diff_input_clk.u_ibufg_sys_clk/DIFFINBUF_INST/O
                         net (fo=1, routed)           0.050     0.619    i_ddr/inst/u_ddr4_mem_intfc/u_mig_ddr4_phy/inst/u_ddr4_phy_pll/diff_input_clk.u_ibufg_sys_clk/OUT
    K22                  IBUFCTRL (Prop_IBUFCTRL_HPIOB_M_I_O)
                                                      0.000     0.619 r  i_ddr/inst/u_ddr4_mem_intfc/u_mig_ddr4_phy/inst/u_ddr4_phy_pll/diff_input_clk.u_ibufg_sys_clk/IBUFCTRL_INST/O
                         net (fo=2, routed)           0.336     0.955    i_ddr/inst/u_ddr4_mem_intfc/u_mig_ddr4_phy/inst/u_ddr4_phy_pll/sys_clk_in
    BUFGCE_X0Y54         BUFGCE (Prop_BUFCE_BUFGCE_I_O)
                                                      0.028     0.983 r  i_ddr/inst/u_ddr4_mem_intfc/u_mig_ddr4_phy/inst/u_ddr4_phy_pll/sys_clk_in_BUFGCE_collapsed_inst/O
                         net (fo=18, routed)          0.888     1.871    i_ddr/inst/u_ddr4_infrastructure/mmcm_clk_in
    MMCM_X0Y3            MMCME4_ADV (Prop_MMCM_CLKIN1_CLKOUT0)
                                                     -0.127     1.744 r  i_ddr/inst/u_ddr4_infrastructure/gen_mmcme4.u_mmcme_adv_inst/CLKOUT0
                         net (fo=1, routed)           0.245     1.989    i_ddr/inst/u_ddr4_infrastructure/mmcm_clkout0
    BUFGCE_X0Y93         BUFGCE (Prop_BUFCE_BUFGCE_I_O)
                                                      0.028     2.017 r  i_ddr/inst/u_ddr4_infrastructure/u_bufg_divClk/O
    X0Y2 (CLOCK_ROOT)    net (fo=14077, routed)       1.713     3.730    i_axi_dwidth_converter_256_64/inst/gen_upsizer.gen_full_upsizer.axi_upsizer_inst/si_register_slice_inst/aw.aw_pipe/m_payload_i_reg[63]_0
    SLICE_X26Y187        FDRE                                         r  i_axi_dwidth_converter_256_64/inst/gen_upsizer.gen_full_upsizer.axi_upsizer_inst/si_register_slice_inst/aw.aw_pipe/m_payload_i_reg[42]/C
  -------------------------------------------------------------------    -------------------
    SLICE_X26Y187        FDRE (Prop_DFF_SLICEL_C_Q)
                                                      0.079     3.809 r  i_axi_dwidth_converter_256_64/inst/gen_upsizer.gen_full_upsizer.axi_upsizer_inst/si_register_slice_inst/aw.aw_pipe/m_payload_i_reg[42]/Q
                         net (fo=22, routed)          0.185     3.994    i_axi_dwidth_converter_256_64/inst/gen_upsizer.gen_full_upsizer.axi_upsizer_inst/si_register_slice_inst/aw.aw_pipe/s_axi_awlen_ii[0]
    SLICE_X26Y187        LUT3 (Prop_A6LUT_SLICEL_I2_O)
                                                      0.098     4.092 r  i_axi_dwidth_converter_256_64/inst/gen_upsizer.gen_full_upsizer.axi_upsizer_inst/si_register_slice_inst/aw.aw_pipe/m_axi_awburst[1]_INST_0_i_9/O
                         net (fo=1, routed)           0.009     4.101    i_axi_dwidth_converter_256_64/inst/gen_upsizer.gen_full_upsizer.axi_upsizer_inst/si_register_slice_inst/aw.aw_pipe/m_axi_awburst[1]_INST_0_i_9_n_0
    SLICE_X26Y187        CARRY8 (Prop_CARRY8_SLICEL_S[0]_CO[3])
                                                      0.184     4.285 r  i_axi_dwidth_converter_256_64/inst/gen_upsizer.gen_full_upsizer.axi_upsizer_inst/si_register_slice_inst/aw.aw_pipe/m_axi_awburst[1]_INST_0_i_1/CO[3]
                         net (fo=14, routed)          0.296     4.581    i_axi_dwidth_converter_256_64/inst/gen_upsizer.gen_full_upsizer.axi_upsizer_inst/si_register_slice_inst/aw.aw_pipe/USE_WRITE.write_addr_inst/cmd_packed_wrap_i1
    SLICE_X27Y189        LUT6 (Prop_G6LUT_SLICEL_I3_O)
                                                      0.035     4.616 r  i_axi_dwidth_converter_256_64/inst/gen_upsizer.gen_full_upsizer.axi_upsizer_inst/si_register_slice_inst/aw.aw_pipe/USE_RTL_FIFO.data_srl_reg[31][34]_srl32_i_1/O
                         net (fo=2, routed)           0.110     4.726    i_axi_dwidth_converter_256_64/inst/gen_upsizer.gen_full_upsizer.axi_upsizer_inst/si_register_slice_inst/aw.aw_pipe/in[31]
    SLICE_X27Y190        LUT6 (Prop_H6LUT_SLICEL_I5_O)
                                                      0.150     4.876 r  i_axi_dwidth_converter_256_64/inst/gen_upsizer.gen_full_upsizer.axi_upsizer_inst/si_register_slice_inst/aw.aw_pipe/m_axi_awlen[0]_INST_0_i_5/O
                         net (fo=3, routed)           0.051     4.927    i_axi_dwidth_converter_256_64/inst/gen_upsizer.gen_full_upsizer.axi_upsizer_inst/si_register_slice_inst/aw.aw_pipe/m_axi_awlen[0]_INST_0_i_5_n_0
    SLICE_X27Y190        LUT6 (Prop_C6LUT_SLICEL_I3_O)
                                                      0.123     5.050 r  i_axi_dwidth_converter_256_64/inst/gen_upsizer.gen_full_upsizer.axi_upsizer_inst/si_register_slice_inst/aw.aw_pipe/m_axi_awlen[0]_INST_0_i_2/O
                         net (fo=6, routed)           0.200     5.251    i_axi_dwidth_converter_256_64/inst/gen_upsizer.gen_full_upsizer.axi_upsizer_inst/si_register_slice_inst/aw.aw_pipe/USE_WRITE.write_addr_inst/access_need_extra_word
    SLICE_X27Y190        LUT6 (Prop_G6LUT_SLICEL_I5_O)
                                                      0.123     5.374 r  i_axi_dwidth_converter_256_64/inst/gen_upsizer.gen_full_upsizer.axi_upsizer_inst/si_register_slice_inst/aw.aw_pipe/m_axi_awlen[2]_INST_0_i_1/O
                         net (fo=1, routed)           0.046     5.420    i_axi_dwidth_converter_256_64/inst/gen_upsizer.gen_full_upsizer.axi_upsizer_inst/si_register_slice_inst/aw.aw_pipe/m_axi_awlen[2]_INST_0_i_1_n_0
    SLICE_X27Y190        LUT2 (Prop_E6LUT_SLICEL_I0_O)
                                                      0.099     5.519 f  i_axi_dwidth_converter_256_64/inst/gen_upsizer.gen_full_upsizer.axi_upsizer_inst/si_register_slice_inst/aw.aw_pipe/m_axi_awlen[2]_INST_0/O
                         net (fo=4, routed)           0.164     5.683    i_ddr/inst/u_ddr_axi/axi_aw_channel_0/axi_mc_cmd_translator_0/axi_mc_incr_cmd_0/c0_ddr4_s_axi_awlen[1]
    SLICE_X27Y185        LUT5 (Prop_F6LUT_SLICEL_I4_O)
                                                      0.035     5.718 f  i_ddr/inst/u_ddr_axi/axi_aw_channel_0/axi_mc_cmd_translator_0/axi_mc_incr_cmd_0/memory_reg[7][3]_srl8_i_10/O
                         net (fo=1, routed)           0.169     5.887    i_ddr/inst/u_ddr_axi/axi_aw_channel_0/axi_mc_cmd_translator_0/axi_mc_incr_cmd_0/memory_reg[7][3]_srl8_i_10_n_0
    SLICE_X27Y186        LUT6 (Prop_G6LUT_SLICEL_I0_O)
                                                      0.149     6.036 r  i_ddr/inst/u_ddr_axi/axi_aw_channel_0/axi_mc_cmd_translator_0/axi_mc_incr_cmd_0/memory_reg[7][3]_srl8_i_5/O
                         net (fo=4, routed)           0.098     6.134    i_ddr/inst/u_ddr_axi/axi_aw_channel_0/axi_mc_cmd_translator_0/axi_mc_incr_cmd_0/axlen_cnt_reg[1]_0
    SLICE_X28Y186        LUT6 (Prop_H6LUT_SLICEM_I2_O)
                                                      0.053     6.187 r  i_ddr/inst/u_ddr_axi/axi_aw_channel_0/axi_mc_cmd_translator_0/axi_mc_incr_cmd_0/memory_reg[7][3]_srl8_i_1/O
                         net (fo=6, routed)           0.103     6.290    i_ddr/inst/u_ddr_axi/axi_b_channel_0/bid_fifo_0/b_push
    SLICE_X28Y185        LUT6 (Prop_G6LUT_SLICEM_I0_O)
                                                      0.037     6.327 r  i_ddr/inst/u_ddr_axi/axi_b_channel_0/bid_fifo_0/cnt_read[3]_i_1/O
                         net (fo=4, routed)           0.145     6.472    i_ddr/inst/u_ddr_axi/axi_b_channel_0/bid_fifo_0/cnt_read[3]_i_1_n_0
    SLICE_X28Y185        FDSE                                         r  i_ddr/inst/u_ddr_axi/axi_b_channel_0/bid_fifo_0/cnt_read_reg[0]/CE
  -------------------------------------------------------------------    -------------------

                         (clock mmcm_clkout0 rise edge)
                                                      3.001     3.001 r  
    K22                                               0.000     3.001 r  c0_sys_clk_p (IN)
                         net (fo=0)                   0.079     3.080    i_ddr/inst/u_ddr4_mem_intfc/u_mig_ddr4_phy/inst/u_ddr4_phy_pll/diff_input_clk.u_ibufg_sys_clk/I
    HPIOBDIFFINBUF_X0Y58 DIFFINBUF (Prop_DIFFINBUF_HPIOBDIFFINBUF_DIFF_IN_P_O)
                                                      0.374     3.453 r  i_ddr/inst/u_ddr4_mem_intfc/u_mig_ddr4_phy/inst/u_ddr4_phy_pll/diff_input_clk.u_ibufg_sys_clk/DIFFINBUF_INST/O
                         net (fo=1, routed)           0.040     3.493    i_ddr/inst/u_ddr4_mem_intfc/u_mig_ddr4_phy/inst/u_ddr4_phy_pll/diff_input_clk.u_ibufg_sys_clk/OUT
    K22                  IBUFCTRL (Prop_IBUFCTRL_HPIOB_M_I_O)
                                                      0.000     3.493 r  i_ddr/inst/u_ddr4_mem_intfc/u_mig_ddr4_phy/inst/u_ddr4_phy_pll/diff_input_clk.u_ibufg_sys_clk/IBUFCTRL_INST/O
                         net (fo=2, routed)           0.297     3.790    i_ddr/inst/u_ddr4_mem_intfc/u_mig_ddr4_phy/inst/u_ddr4_phy_pll/sys_clk_in
    BUFGCE_X0Y54         BUFGCE (Prop_BUFCE_BUFGCE_I_O)
                                                      0.024     3.814 r  i_ddr/inst/u_ddr4_mem_intfc/u_mig_ddr4_phy/inst/u_ddr4_phy_pll/sys_clk_in_BUFGCE_collapsed_inst/O
                         net (fo=18, routed)          0.782     4.596    i_ddr/inst/u_ddr4_infrastructure/mmcm_clk_in
    MMCM_X0Y3            MMCME4_ADV (Prop_MMCM_CLKIN1_CLKOUT0)
                                                      0.630     5.226 r  i_ddr/inst/u_ddr4_infrastructure/gen_mmcme4.u_mmcme_adv_inst/CLKOUT0
                         net (fo=1, routed)           0.215     5.441    i_ddr/inst/u_ddr4_infrastructure/mmcm_clkout0
    BUFGCE_X0Y93         BUFGCE (Prop_BUFCE_BUFGCE_I_O)
                                                      0.024     5.465 r  i_ddr/inst/u_ddr4_infrastructure/u_bufg_divClk/O
    X0Y2 (CLOCK_ROOT)    net (fo=14077, routed)       1.509     6.974    i_ddr/inst/u_ddr_axi/axi_b_channel_0/bid_fifo_0/cnt_read_reg[0]_0
    SLICE_X28Y185        FDSE                                         r  i_ddr/inst/u_ddr_axi/axi_b_channel_0/bid_fifo_0/cnt_read_reg[0]/C
                         clock pessimism             -0.331     6.643    
                         clock uncertainty           -0.062     6.581    
    SLICE_X28Y185        FDSE (Setup_HFF2_SLICEM_C_CE)
                                                     -0.061     6.520    i_ddr/inst/u_ddr_axi/axi_b_channel_0/bid_fifo_0/cnt_read_reg[0]
  -------------------------------------------------------------------
                         required time                          6.520    
                         arrival time                          -6.472    
  -------------------------------------------------------------------
                         slack                                  0.048    

Slack (MET) :             1.067ns  (required time - arrival time)
  Source:                 i_ddr/inst/u_ddr4_mem_intfc/u_ddr_cal_top/u_ddr_mc_pi/u_ddr_mc_write/genByte[2].u_ddr_mc_wr_byte/genBit[5].u_ddr_mc_wr_bit/dReg_reg[1]/C
                            (rising edge-triggered cell FDRE clocked by mmcm_clkout0  {rise@0.000ns fall@1.500ns period=3.001ns})
  Destination:            i_ddr/inst/u_ddr4_mem_intfc/u_mig_ddr4_phy/inst/generate_block1.u_ddr_xiphy/byte_num[4].xiphy_byte_wrapper.u_xiphy_byte_wrapper/I_BITSLICE_UPPER[4].GEN_RXTX_BITSLICE_EN.u_xiphy_bitslice_upper/xiphy_rxtx_bitslice/D[1]
                            (rising edge-triggered cell RXTX_BITSLICE clocked by pll_clk[1]_DIV  {rise@0.000ns fall@1.500ns period=3.001ns})
  Path Group:             pll_clk[1]_DIV
  Path Type:              Setup (Max at Slow Process Corner)
  Requirement:            3.001ns  (pll_clk[1]_DIV rise@3.001ns - mmcm_clkout0 rise@0.000ns)
  Data Path Delay:        1.292ns  (logic 0.081ns (6.269%)  route 1.211ns (93.731%))
  Logic Levels:           0  
  Clock Path Skew:        -0.433ns (DCD - SCD + CPR)
    Destination Clock Delay (DCD):    3.674ns = ( 6.675 - 3.001 ) 
    Source Clock Delay      (SCD):    3.771ns
    Clock Pessimism Removal (CPR):    -0.336ns
  Clock Uncertainty:      0.170ns  ((TSJ^2 + DJ^2)^1/2) / 2 + PE
    Total System Jitter     (TSJ):    0.071ns
    Discrete Jitter          (DJ):    0.062ns
    Phase Error              (PE):    0.123ns
  Clock Net Delay (Source):      1.754ns (routing 0.833ns, distribution 0.921ns)

    Location             Delay type                Incr(ns)  Path(ns)    Netlist Resource(s)
  -------------------------------------------------------------------    -------------------
                         (clock mmcm_clkout0 rise edge)
                                                      0.000     0.000 r  
    K22                                               0.000     0.000 r  c0_sys_clk_p (IN)
                         net (fo=0)                   0.100     0.100    i_ddr/inst/u_ddr4_mem_intfc/u_mig_ddr4_phy/inst/u_ddr4_phy_pll/diff_input_clk.u_ibufg_sys_clk/I
    HPIOBDIFFINBUF_X0Y58 DIFFINBUF (Prop_DIFFINBUF_HPIOBDIFFINBUF_DIFF_IN_P_O)
                                                      0.469     0.569 r  i_ddr/inst/u_ddr4_mem_intfc/u_mig_ddr4_phy/inst/u_ddr4_phy_pll/diff_input_clk.u_ibufg_sys_clk/DIFFINBUF_INST/O
                         net (fo=1, routed)           0.050     0.619    i_ddr/inst/u_ddr4_mem_intfc/u_mig_ddr4_phy/inst/u_ddr4_phy_pll/diff_input_clk.u_ibufg_sys_clk/OUT
    K22                  IBUFCTRL (Prop_IBUFCTRL_HPIOB_M_I_O)
                                                      0.000     0.619 r  i_ddr/inst/u_ddr4_mem_intfc/u_mig_ddr4_phy/inst/u_ddr4_phy_pll/diff_input_clk.u_ibufg_sys_clk/IBUFCTRL_INST/O
                         net (fo=2, routed)           0.336     0.955    i_ddr/inst/u_ddr4_mem_intfc/u_mig_ddr4_phy/inst/u_ddr4_phy_pll/sys_clk_in
    BUFGCE_X0Y54         BUFGCE (Prop_BUFCE_BUFGCE_I_O)
                                                      0.028     0.983 r  i_ddr/inst/u_ddr4_mem_intfc/u_mig_ddr4_phy/inst/u_ddr4_phy_pll/sys_clk_in_BUFGCE_collapsed_inst/O
                         net (fo=18, routed)          0.888     1.871    i_ddr/inst/u_ddr4_infrastructure/mmcm_clk_in
    MMCM_X0Y3            MMCME4_ADV (Prop_MMCM_CLKIN1_CLKOUT0)
                                                     -0.127     1.744 r  i_ddr/inst/u_ddr4_infrastructure/gen_mmcme4.u_mmcme_adv_inst/CLKOUT0
                         net (fo=1, routed)           0.245     1.989    i_ddr/inst/u_ddr4_infrastructure/mmcm_clkout0
    BUFGCE_X0Y93         BUFGCE (Prop_BUFCE_BUFGCE_I_O)
                                                      0.028     2.017 r  i_ddr/inst/u_ddr4_infrastructure/u_bufg_divClk/O
    X0Y2 (CLOCK_ROOT)    net (fo=14077, routed)       1.754     3.771    i_ddr/inst/u_ddr4_mem_intfc/u_ddr_cal_top/u_ddr_mc_pi/u_ddr_mc_write/genByte[2].u_ddr_mc_wr_byte/genBit[5].u_ddr_mc_wr_bit/dReg_reg[0]_0
    SLICE_X8Y219         FDRE                                         r  i_ddr/inst/u_ddr4_mem_intfc/u_ddr_cal_top/u_ddr_mc_pi/u_ddr_mc_write/genByte[2].u_ddr_mc_wr_byte/genBit[5].u_ddr_mc_wr_bit/dReg_reg[1]/C
  -------------------------------------------------------------------    -------------------
    SLICE_X8Y219         FDRE (Prop_EFF2_SLICEL_C_Q)
                                                      0.081     3.852 r  i_ddr/inst/u_ddr4_mem_intfc/u_ddr_cal_top/u_ddr_mc_pi/u_ddr_mc_write/genByte[2].u_ddr_mc_wr_byte/genBit[5].u_ddr_mc_wr_bit/dReg_reg[1]/Q
                         net (fo=1, routed)           1.211     5.063    i_ddr/inst/u_ddr4_mem_intfc/u_mig_ddr4_phy/inst/generate_block1.u_ddr_xiphy/byte_num[4].xiphy_byte_wrapper.u_xiphy_byte_wrapper/I_BITSLICE_UPPER[4].GEN_RXTX_BITSLICE_EN.u_xiphy_bitslice_upper/clb2phy_wr_dq10[1]
    BITSLICE_RX_TX_X0Y179
                         RXTX_BITSLICE                                r  i_ddr/inst/u_ddr4_mem_intfc/u_mig_ddr4_phy/inst/generate_block1.u_ddr_xiphy/byte_num[4].xiphy_byte_wrapper.u_xiphy_byte_wrapper/I_BITSLICE_UPPER[4].GEN_RXTX_BITSLICE_EN.u_xiphy_bitslice_upper/xiphy_rxtx_bitslice/D[1]
  -------------------------------------------------------------------    -------------------

                         (clock pll_clk[1]_DIV rise edge)
                                                      3.001     3.001 f  
    K22                                               0.000     3.001 f  c0_sys_clk_p (IN)
                         net (fo=0)                   0.079     3.080    i_ddr/inst/u_ddr4_mem_intfc/u_mig_ddr4_phy/inst/u_ddr4_phy_pll/diff_input_clk.u_ibufg_sys_clk/I
    HPIOBDIFFINBUF_X0Y58 DIFFINBUF (Prop_DIFFINBUF_HPIOBDIFFINBUF_DIFF_IN_P_O)
                                                      0.374     3.453 f  i_ddr/inst/u_ddr4_mem_intfc/u_mig_ddr4_phy/inst/u_ddr4_phy_pll/diff_input_clk.u_ibufg_sys_clk/DIFFINBUF_INST/O
                         net (fo=1, routed)           0.040     3.493    i_ddr/inst/u_ddr4_mem_intfc/u_mig_ddr4_phy/inst/u_ddr4_phy_pll/diff_input_clk.u_ibufg_sys_clk/OUT
    K22                  IBUFCTRL (Prop_IBUFCTRL_HPIOB_M_I_O)
                                                      0.000     3.493 f  i_ddr/inst/u_ddr4_mem_intfc/u_mig_ddr4_phy/inst/u_ddr4_phy_pll/diff_input_clk.u_ibufg_sys_clk/IBUFCTRL_INST/O
                         net (fo=2, routed)           0.297     3.790    i_ddr/inst/u_ddr4_mem_intfc/u_mig_ddr4_phy/inst/u_ddr4_phy_pll/sys_clk_in
    BUFGCE_X0Y54         BUFGCE (Prop_BUFCE_BUFGCE_I_O)
                                                      0.024     3.814 f  i_ddr/inst/u_ddr4_mem_intfc/u_mig_ddr4_phy/inst/u_ddr4_phy_pll/sys_clk_in_BUFGCE_collapsed_inst/O
                         net (fo=18, routed)          0.782     4.596    i_ddr/inst/u_ddr4_infrastructure/mmcm_clk_in
    MMCM_X0Y3            MMCME4_ADV (Prop_MMCM_CLKIN1_CLKOUT0)
                                                      0.630     5.226 f  i_ddr/inst/u_ddr4_infrastructure/gen_mmcme4.u_mmcme_adv_inst/CLKOUT0
                         net (fo=1, routed)           0.215     5.441    i_ddr/inst/u_ddr4_infrastructure/mmcm_clkout0
    BUFGCE_X0Y93         BUFGCE (Prop_BUFCE_BUFGCE_I_O)
                                                      0.024     5.465 f  i_ddr/inst/u_ddr4_infrastructure/u_bufg_divClk/O
                         net (fo=14077, routed)       1.430     6.895    i_ddr/inst/u_ddr4_mem_intfc/u_mig_ddr4_phy/inst/u_ddr4_phy_pll/div_clk
    PLL_X0Y7             PLLE4_ADV (Prop_PLL_CLKIN_CLKOUTPHY)
                                                     -0.630     6.265 f  i_ddr/inst/u_ddr4_mem_intfc/u_mig_ddr4_phy/inst/u_ddr4_phy_pll/plle_loop[1].gen_plle4.PLLE4_BASE_INST_OTHER/CLKOUTPHY
                         net (fo=8, routed)           0.091     6.356    i_ddr/inst/u_ddr4_mem_intfc/u_mig_ddr4_phy/inst/generate_block1.u_ddr_xiphy/byte_num[4].xiphy_byte_wrapper.u_xiphy_byte_wrapper/I_CONTROL[1].GEN_I_CONTROL.u_xiphy_control/pll_clk[0]
    BITSLICE_CONTROL_X0Y27
                         BITSLICE_CONTROL (Prop_CONTROL_BITSLICE_CONTROL_PLL_CLK_TX_DIV2_CLK_Q)
                                                      0.106     6.462 r  i_ddr/inst/u_ddr4_mem_intfc/u_mig_ddr4_phy/inst/generate_block1.u_ddr_xiphy/byte_num[4].xiphy_byte_wrapper.u_xiphy_byte_wrapper/I_CONTROL[1].GEN_I_CONTROL.u_xiphy_control/xiphy_control/TX_DIV2_CLK_Q
    BITSLICE_CONTROL_X0Y27
                         BITSLICE_CONTROL (Prop_CONTROL_BITSLICE_CONTROL_TX_DIV2_CLK_Q_TX_DIV4_CLK_Q)
                                                      0.075     6.537 r  i_ddr/inst/u_ddr4_mem_intfc/u_mig_ddr4_phy/inst/generate_block1.u_ddr_xiphy/byte_num[4].xiphy_byte_wrapper.u_xiphy_byte_wrapper/I_CONTROL[1].GEN_I_CONTROL.u_xiphy_control/xiphy_control/TX_DIV4_CLK_Q
    BITSLICE_CONTROL_X0Y27
                         BITSLICE_CONTROL (Prop_CONTROL_BITSLICE_CONTROL_TX_DIV4_CLK_Q_TX_BIT_CTRL_OUT4[26])
                                                      0.125     6.662 r  i_ddr/inst/u_ddr4_mem_intfc/u_mig_ddr4_phy/inst/generate_block1.u_ddr_xiphy/byte_num[4].xiphy_byte_wrapper.u_xiphy_byte_wrapper/I_CONTROL[1].GEN_I_CONTROL.u_xiphy_control/xiphy_control/TX_BIT_CTRL_OUT4[26]
                         net (fo=1, routed)           0.013     6.675    i_ddr/inst/u_ddr4_mem_intfc/u_mig_ddr4_phy/inst/generate_block1.u_ddr_xiphy/byte_num[4].xiphy_byte_wrapper.u_xiphy_byte_wrapper/I_BITSLICE_UPPER[4].GEN_RXTX_BITSLICE_EN.u_xiphy_bitslice_upper/TX_BIT_CTRL_OUT4[26]
    BITSLICE_RX_TX_X0Y179
                         RXTX_BITSLICE                                r  i_ddr/inst/u_ddr4_mem_intfc/u_mig_ddr4_phy/inst/generate_block1.u_ddr_xiphy/byte_num[4].xiphy_byte_wrapper.u_xiphy_byte_wrapper/I_BITSLICE_UPPER[4].GEN_RXTX_BITSLICE_EN.u_xiphy_bitslice_upper/xiphy_rxtx_bitslice/TX_BIT_CTRL_IN[26]
                         clock pessimism             -0.336     6.339    
                         clock uncertainty           -0.170     6.169    
    BITSLICE_RX_TX_X0Y179
                         RXTX_BITSLICE (Setup_RXTX_BITSLICE_BITSLICE_RX_TX_TX_BIT_CTRL_IN[26]_D[1])
                                                     -0.039     6.130    i_ddr/inst/u_ddr4_mem_intfc/u_mig_ddr4_phy/inst/generate_block1.u_ddr_xiphy/byte_num[4].xiphy_byte_wrapper.u_xiphy_byte_wrapper/I_BITSLICE_UPPER[4].GEN_RXTX_BITSLICE_EN.u_xiphy_bitslice_upper/xiphy_rxtx_bitslice
  -------------------------------------------------------------------
                         required time                          6.130    
                         arrival time                          -5.063    
  -------------------------------------------------------------------
                         slack                                  1.067    

Slack (MET) :             1.248ns  (required time - arrival time)
  Source:                 i_ddr/inst/u_ddr4_mem_intfc/u_mig_ddr4_phy/inst/clb2phy_t_b_addr_reg[2]/C
                            (rising edge-triggered cell FDRE clocked by mmcm_clkout0  {rise@0.000ns fall@1.500ns period=3.001ns})
  Destination:            i_ddr/inst/u_ddr4_mem_intfc/u_mig_ddr4_phy/inst/generate_block1.u_ddr_xiphy/byte_num[0].xiphy_byte_wrapper.u_xiphy_byte_wrapper/I_CONTROL[1].GEN_I_CONTROL.u_xiphy_control/xiphy_control/TBYTE_IN[2]
                            (rising edge-triggered cell BITSLICE_CONTROL clocked by pll_clk[0]_DIV  {rise@0.000ns fall@1.500ns period=3.001ns})
  Path Group:             pll_clk[0]_DIV
  Path Type:              Setup (Max at Slow Process Corner)
  Requirement:            3.001ns  (pll_clk[0]_DIV rise@3.001ns - mmcm_clkout0 rise@0.000ns)
  Data Path Delay:        0.840ns  (logic 0.079ns (9.403%)  route 0.761ns (90.597%))
  Logic Levels:           0  
  Clock Path Skew:        -0.574ns (DCD - SCD + CPR)
    Destination Clock Delay (DCD):    3.495ns = ( 6.496 - 3.001 ) 
    Source Clock Delay      (SCD):    3.729ns
    Clock Pessimism Removal (CPR):    -0.340ns
  Clock Uncertainty:      0.170ns  ((TSJ^2 + DJ^2)^1/2) / 2 + PE
    Total System Jitter     (TSJ):    0.071ns
    Discrete Jitter          (DJ):    0.062ns
    Phase Error              (PE):    0.123ns
  Clock Net Delay (Source):      1.712ns (routing 0.833ns, distribution 0.879ns)
  Clock Net Delay (Destination): 1.389ns (routing 0.756ns, distribution 0.633ns)

    Location             Delay type                Incr(ns)  Path(ns)    Netlist Resource(s)
  -------------------------------------------------------------------    -------------------
                         (clock mmcm_clkout0 rise edge)
                                                      0.000     0.000 r  
    K22                                               0.000     0.000 r  c0_sys_clk_p (IN)
                         net (fo=0)                   0.100     0.100    i_ddr/inst/u_ddr4_mem_intfc/u_mig_ddr4_phy/inst/u_ddr4_phy_pll/diff_input_clk.u_ibufg_sys_clk/I
    HPIOBDIFFINBUF_X0Y58 DIFFINBUF (Prop_DIFFINBUF_HPIOBDIFFINBUF_DIFF_IN_P_O)
                                                      0.469     0.569 r  i_ddr/inst/u_ddr4_mem_intfc/u_mig_ddr4_phy/inst/u_ddr4_phy_pll/diff_input_clk.u_ibufg_sys_clk/DIFFINBUF_INST/O
                         net (fo=1, routed)           0.050     0.619    i_ddr/inst/u_ddr4_mem_intfc/u_mig_ddr4_phy/inst/u_ddr4_phy_pll/diff_input_clk.u_ibufg_sys_clk/OUT
    K22                  IBUFCTRL (Prop_IBUFCTRL_HPIOB_M_I_O)
                                                      0.000     0.619 r  i_ddr/inst/u_ddr4_mem_intfc/u_mig_ddr4_phy/inst/u_ddr4_phy_pll/diff_input_clk.u_ibufg_sys_clk/IBUFCTRL_INST/O
                         net (fo=2, routed)           0.336     0.955    i_ddr/inst/u_ddr4_mem_intfc/u_mig_ddr4_phy/inst/u_ddr4_phy_pll/sys_clk_in
    BUFGCE_X0Y54         BUFGCE (Prop_BUFCE_BUFGCE_I_O)
                                                      0.028     0.983 r  i_ddr/inst/u_ddr4_mem_intfc/u_mig_ddr4_phy/inst/u_ddr4_phy_pll/sys_clk_in_BUFGCE_collapsed_inst/O
                         net (fo=18, routed)          0.888     1.871    i_ddr/inst/u_ddr4_infrastructure/mmcm_clk_in
    MMCM_X0Y3            MMCME4_ADV (Prop_MMCM_CLKIN1_CLKOUT0)
                                                     -0.127     1.744 r  i_ddr/inst/u_ddr4_infrastructure/gen_mmcme4.u_mmcme_adv_inst/CLKOUT0
                         net (fo=1, routed)           0.245     1.989    i_ddr/inst/u_ddr4_infrastructure/mmcm_clkout0
    BUFGCE_X0Y93         BUFGCE (Prop_BUFCE_BUFGCE_I_O)
                                                      0.028     2.017 r  i_ddr/inst/u_ddr4_infrastructure/u_bufg_divClk/O
    X0Y2 (CLOCK_ROOT)    net (fo=14077, routed)       1.712     3.729    i_ddr/inst/u_ddr4_mem_intfc/u_mig_ddr4_phy/inst/div_clk
    SLICE_X0Y169         FDRE                                         r  i_ddr/inst/u_ddr4_mem_intfc/u_mig_ddr4_phy/inst/clb2phy_t_b_addr_reg[2]/C
  -------------------------------------------------------------------    -------------------
    SLICE_X0Y169         FDRE (Prop_FFF_SLICEL_C_Q)
                                                      0.079     3.808 r  i_ddr/inst/u_ddr4_mem_intfc/u_mig_ddr4_phy/inst/clb2phy_t_b_addr_reg[2]/Q
                         net (fo=5, routed)           0.761     4.570    i_ddr/inst/u_ddr4_mem_intfc/u_mig_ddr4_phy/inst/generate_block1.u_ddr_xiphy/byte_num[0].xiphy_byte_wrapper.u_xiphy_byte_wrapper/I_CONTROL[1].GEN_I_CONTROL.u_xiphy_control/clb2phy_t_b_low[2]
    BITSLICE_CONTROL_X0Y19
                         BITSLICE_CONTROL                             r  i_ddr/inst/u_ddr4_mem_intfc/u_mig_ddr4_phy/inst/generate_block1.u_ddr_xiphy/byte_num[0].xiphy_byte_wrapper.u_xiphy_byte_wrapper/I_CONTROL[1].GEN_I_CONTROL.u_xiphy_control/xiphy_control/TBYTE_IN[2]
  -------------------------------------------------------------------    -------------------

                         (clock pll_clk[0]_DIV rise edge)
                                                      3.001     3.001 f  
    K22                                               0.000     3.001 f  c0_sys_clk_p (IN)
                         net (fo=0)                   0.079     3.080    i_ddr/inst/u_ddr4_mem_intfc/u_mig_ddr4_phy/inst/u_ddr4_phy_pll/diff_input_clk.u_ibufg_sys_clk/I
    HPIOBDIFFINBUF_X0Y58 DIFFINBUF (Prop_DIFFINBUF_HPIOBDIFFINBUF_DIFF_IN_P_O)
                                                      0.374     3.453 f  i_ddr/inst/u_ddr4_mem_intfc/u_mig_ddr4_phy/inst/u_ddr4_phy_pll/diff_input_clk.u_ibufg_sys_clk/DIFFINBUF_INST/O
                         net (fo=1, routed)           0.040     3.493    i_ddr/inst/u_ddr4_mem_intfc/u_mig_ddr4_phy/inst/u_ddr4_phy_pll/diff_input_clk.u_ibufg_sys_clk/OUT
    K22                  IBUFCTRL (Prop_IBUFCTRL_HPIOB_M_I_O)
                                                      0.000     3.493 f  i_ddr/inst/u_ddr4_mem_intfc/u_mig_ddr4_phy/inst/u_ddr4_phy_pll/diff_input_clk.u_ibufg_sys_clk/IBUFCTRL_INST/O
                         net (fo=2, routed)           0.297     3.790    i_ddr/inst/u_ddr4_mem_intfc/u_mig_ddr4_phy/inst/u_ddr4_phy_pll/sys_clk_in
    BUFGCE_X0Y54         BUFGCE (Prop_BUFCE_BUFGCE_I_O)
                                                      0.024     3.814 f  i_ddr/inst/u_ddr4_mem_intfc/u_mig_ddr4_phy/inst/u_ddr4_phy_pll/sys_clk_in_BUFGCE_collapsed_inst/O
                         net (fo=18, routed)          0.782     4.596    i_ddr/inst/u_ddr4_infrastructure/mmcm_clk_in
    MMCM_X0Y3            MMCME4_ADV (Prop_MMCM_CLKIN1_CLKOUT0)
                                                      0.630     5.226 f  i_ddr/inst/u_ddr4_infrastructure/gen_mmcme4.u_mmcme_adv_inst/CLKOUT0
                         net (fo=1, routed)           0.215     5.441    i_ddr/inst/u_ddr4_infrastructure/mmcm_clkout0
    BUFGCE_X0Y93         BUFGCE (Prop_BUFCE_BUFGCE_I_O)
                                                      0.024     5.465 f  i_ddr/inst/u_ddr4_infrastructure/u_bufg_divClk/O
    X0Y2 (CLOCK_ROOT)    net (fo=14077, routed)       1.389     6.854    i_ddr/inst/u_ddr4_mem_intfc/u_mig_ddr4_phy/inst/u_ddr4_phy_pll/div_clk
    PLL_X0Y5             PLLE4_ADV (Prop_PLL_CLKIN_CLKOUTPHY)
                                                     -0.630     6.224 f  i_ddr/inst/u_ddr4_mem_intfc/u_mig_ddr4_phy/inst/u_ddr4_phy_pll/plle_loop[0].gen_plle4.PLLE4_BASE_INST_OTHER/CLKOUTPHY
                         net (fo=5, routed)           0.091     6.315    i_ddr/inst/u_ddr4_mem_intfc/u_mig_ddr4_phy/inst/generate_block1.u_ddr_xiphy/byte_num[0].xiphy_byte_wrapper.u_xiphy_byte_wrapper/I_CONTROL[1].GEN_I_CONTROL.u_xiphy_control/pll_clk[0]
    BITSLICE_CONTROL_X0Y19
                         BITSLICE_CONTROL (Prop_CONTROL_BITSLICE_CONTROL_PLL_CLK_TX_DIV2_CLK_Q)
                                                      0.106     6.421 r  i_ddr/inst/u_ddr4_mem_intfc/u_mig_ddr4_phy/inst/generate_block1.u_ddr_xiphy/byte_num[0].xiphy_byte_wrapper.u_xiphy_byte_wrapper/I_CONTROL[1].GEN_I_CONTROL.u_xiphy_control/xiphy_control/TX_DIV2_CLK_Q
    BITSLICE_CONTROL_X0Y19
                         BITSLICE_CONTROL (Prop_CONTROL_BITSLICE_CONTROL_TX_DIV2_CLK_Q_TX_DIV4_CLK_Q)
                                                      0.075     6.496 r  i_ddr/inst/u_ddr4_mem_intfc/u_mig_ddr4_phy/inst/generate_block1.u_ddr_xiphy/byte_num[0].xiphy_byte_wrapper.u_xiphy_byte_wrapper/I_CONTROL[1].GEN_I_CONTROL.u_xiphy_control/xiphy_control/TX_DIV4_CLK_Q
                         clock pessimism             -0.340     6.156    
                         clock uncertainty           -0.170     5.986    
    BITSLICE_CONTROL_X0Y19
                         BITSLICE_CONTROL (Setup_CONTROL_BITSLICE_CONTROL_TX_DIV4_CLK_Q_TBYTE_IN[2])
                                                     -0.168     5.818    i_ddr/inst/u_ddr4_mem_intfc/u_mig_ddr4_phy/inst/generate_block1.u_ddr_xiphy/byte_num[0].xiphy_byte_wrapper.u_xiphy_byte_wrapper/I_CONTROL[1].GEN_I_CONTROL.u_xiphy_control/xiphy_control
  -------------------------------------------------------------------
                         required time                          5.818    
                         arrival time                          -4.570    
  -------------------------------------------------------------------
                         slack                                  1.248    

Slack (MET) :             1.485ns  (required time - arrival time)
  Source:                 i_ddr/inst/u_ddr4_mem_intfc/u_ddr_cal_top/sample_gts_reg/C
                            (rising edge-triggered cell FDRE clocked by mmcm_clkout0  {rise@0.000ns fall@1.500ns period=3.001ns})
  Destination:            i_ddr/inst/u_ddr4_mem_intfc/u_ddr_cal_riu/sample_gts_riu_reg/D
                            (rising edge-triggered cell FDRE clocked by mmcm_clkout6  {rise@0.000ns fall@3.001ns period=6.001ns})
  Path Group:             mmcm_clkout6
  Path Type:              Setup (Max at Slow Process Corner)
  Requirement:            3.001ns  (mmcm_clkout6 rise@6.001ns - mmcm_clkout0 rise@3.001ns)
  Data Path Delay:        1.118ns  (logic 0.078ns (6.977%)  route 1.040ns (93.023%))
  Logic Levels:           0  
  Clock Path Skew:        -0.234ns (DCD - SCD + CPR)
    Destination Clock Delay (DCD):    3.957ns = ( 9.958 - 6.001 ) 
    Source Clock Delay      (SCD):    3.709ns = ( 6.710 - 3.001 ) 
    Clock Pessimism Removal (CPR):    -0.481ns
  Clock Uncertainty:      0.188ns  ((TSJ^2 + DJ^2)^1/2) / 2 + PE
    Total System Jitter     (TSJ):    0.071ns
    Discrete Jitter          (DJ):    0.117ns
    Phase Error              (PE):    0.120ns
  Clock Net Delay (Source):      1.692ns (routing 0.833ns, distribution 0.859ns)
  Clock Net Delay (Destination): 1.481ns (routing 0.756ns, distribution 0.725ns)

    Location             Delay type                Incr(ns)  Path(ns)    Netlist Resource(s)
  -------------------------------------------------------------------    -------------------
                         (clock mmcm_clkout0 rise edge)
                                                      3.001     3.001 r  
    K22                                               0.000     3.001 r  c0_sys_clk_p (IN)
                         net (fo=0)                   0.100     3.101    i_ddr/inst/u_ddr4_mem_intfc/u_mig_ddr4_phy/inst/u_ddr4_phy_pll/diff_input_clk.u_ibufg_sys_clk/I
    HPIOBDIFFINBUF_X0Y58 DIFFINBUF (Prop_DIFFINBUF_HPIOBDIFFINBUF_DIFF_IN_P_O)
                                                      0.469     3.570 r  i_ddr/inst/u_ddr4_mem_intfc/u_mig_ddr4_phy/inst/u_ddr4_phy_pll/diff_input_clk.u_ibufg_sys_clk/DIFFINBUF_INST/O
                         net (fo=1, routed)           0.050     3.620    i_ddr/inst/u_ddr4_mem_intfc/u_mig_ddr4_phy/inst/u_ddr4_phy_pll/diff_input_clk.u_ibufg_sys_clk/OUT
    K22                  IBUFCTRL (Prop_IBUFCTRL_HPIOB_M_I_O)
                                                      0.000     3.620 r  i_ddr/inst/u_ddr4_mem_intfc/u_mig_ddr4_phy/inst/u_ddr4_phy_pll/diff_input_clk.u_ibufg_sys_clk/IBUFCTRL_INST/O
                         net (fo=2, routed)           0.336     3.956    i_ddr/inst/u_ddr4_mem_intfc/u_mig_ddr4_phy/inst/u_ddr4_phy_pll/sys_clk_in
    BUFGCE_X0Y54         BUFGCE (Prop_BUFCE_BUFGCE_I_O)
                                                      0.028     3.984 r  i_ddr/inst/u_ddr4_mem_intfc/u_mig_ddr4_phy/inst/u_ddr4_phy_pll/sys_clk_in_BUFGCE_collapsed_inst/O
                         net (fo=18, routed)          0.888     4.872    i_ddr/inst/u_ddr4_infrastructure/mmcm_clk_in
    MMCM_X0Y3            MMCME4_ADV (Prop_MMCM_CLKIN1_CLKOUT0)
                                                     -0.127     4.745 r  i_ddr/inst/u_ddr4_infrastructure/gen_mmcme4.u_mmcme_adv_inst/CLKOUT0
                         net (fo=1, routed)           0.245     4.990    i_ddr/inst/u_ddr4_infrastructure/mmcm_clkout0
    BUFGCE_X0Y93         BUFGCE (Prop_BUFCE_BUFGCE_I_O)
                                                      0.028     5.018 r  i_ddr/inst/u_ddr4_infrastructure/u_bufg_divClk/O
    X0Y2 (CLOCK_ROOT)    net (fo=14077, routed)       1.692     6.710    i_ddr/inst/u_ddr4_mem_intfc/u_ddr_cal_top/dReg_reg[13]
    SLICE_X15Y211        FDRE                                         r  i_ddr/inst/u_ddr4_mem_intfc/u_ddr_cal_top/sample_gts_reg/C
  -------------------------------------------------------------------    -------------------
    SLICE_X15Y211        FDRE (Prop_DFF_SLICEM_C_Q)
                                                      0.078     6.788 r  i_ddr/inst/u_ddr4_mem_intfc/u_ddr_cal_top/sample_gts_reg/Q
                         net (fo=1, routed)           1.040     7.828    i_ddr/inst/u_ddr4_mem_intfc/u_ddr_cal_riu/sample_gts
    SLICE_X12Y173        FDRE                                         r  i_ddr/inst/u_ddr4_mem_intfc/u_ddr_cal_riu/sample_gts_riu_reg/D
  -------------------------------------------------------------------    -------------------

                         (clock mmcm_clkout6 rise edge)
                                                      6.001     6.001 r  
    K22                                               0.000     6.001 r  c0_sys_clk_p (IN)
                         net (fo=0)                   0.079     6.080    i_ddr/inst/u_ddr4_mem_intfc/u_mig_ddr4_phy/inst/u_ddr4_phy_pll/diff_input_clk.u_ibufg_sys_clk/I
    HPIOBDIFFINBUF_X0Y58 DIFFINBUF (Prop_DIFFINBUF_HPIOBDIFFINBUF_DIFF_IN_P_O)
                                                      0.374     6.454 r  i_ddr/inst/u_ddr4_mem_intfc/u_mig_ddr4_phy/inst/u_ddr4_phy_pll/diff_input_clk.u_ibufg_sys_clk/DIFFINBUF_INST/O
                         net (fo=1, routed)           0.040     6.494    i_ddr/inst/u_ddr4_mem_intfc/u_mig_ddr4_phy/inst/u_ddr4_phy_pll/diff_input_clk.u_ibufg_sys_clk/OUT
    K22                  IBUFCTRL (Prop_IBUFCTRL_HPIOB_M_I_O)
                                                      0.000     6.494 r  i_ddr/inst/u_ddr4_mem_intfc/u_mig_ddr4_phy/inst/u_ddr4_phy_pll/diff_input_clk.u_ibufg_sys_clk/IBUFCTRL_INST/O
                         net (fo=2, routed)           0.297     6.791    i_ddr/inst/u_ddr4_mem_intfc/u_mig_ddr4_phy/inst/u_ddr4_phy_pll/sys_clk_in
    BUFGCE_X0Y54         BUFGCE (Prop_BUFCE_BUFGCE_I_O)
                                                      0.024     6.815 r  i_ddr/inst/u_ddr4_mem_intfc/u_mig_ddr4_phy/inst/u_ddr4_phy_pll/sys_clk_in_BUFGCE_collapsed_inst/O
                         net (fo=18, routed)          0.782     7.597    i_ddr/inst/u_ddr4_infrastructure/mmcm_clk_in
    MMCM_X0Y3            MMCME4_ADV (Prop_MMCM_CLKIN1_CLKOUT6)
                                                      0.630     8.227 r  i_ddr/inst/u_ddr4_infrastructure/gen_mmcme4.u_mmcme_adv_inst/CLKOUT6
                         net (fo=1, routed)           0.226     8.453    i_ddr/inst/u_ddr4_infrastructure/mmcm_clkout6
    BUFGCE_X0Y92         BUFGCE (Prop_BUFCE_BUFGCE_I_O)
                                                      0.024     8.477 r  i_ddr/inst/u_ddr4_infrastructure/u_bufg_riuClk/O
    X0Y2 (CLOCK_ROOT)    net (fo=1632, routed)        1.481     9.958    i_ddr/inst/u_ddr4_mem_intfc/u_ddr_cal_riu/CLK
    SLICE_X12Y173        FDRE                                         r  i_ddr/inst/u_ddr4_mem_intfc/u_ddr_cal_riu/sample_gts_riu_reg/C
                         clock pessimism             -0.481     9.477    
                         clock uncertainty           -0.188     9.288    
    SLICE_X12Y173        FDRE (Setup_EFF_SLICEM_C_D)
                                                      0.025     9.313    i_ddr/inst/u_ddr4_mem_intfc/u_ddr_cal_riu/sample_gts_riu_reg
  -------------------------------------------------------------------
                         required time                          9.313    
                         arrival time                          -7.828    
  -------------------------------------------------------------------
                         slack                                  1.485    

Slack (MET) :             2.087ns  (required time - arrival time)
  Source:                 i_ddr/inst/u_ddr4_infrastructure/counter_input_rst_reg[6]/C
                            (rising edge-triggered cell FDRE clocked by c0_sys_clk_p  {rise@0.000ns fall@1.667ns period=3.334ns})
  Destination:            i_ddr/inst/u_ddr4_infrastructure/input_rst_mmcm_reg/D
                            (rising edge-triggered cell FDRE clocked by c0_sys_clk_p  {rise@0.000ns fall@1.667ns period=3.334ns})
  Path Group:             c0_sys_clk_p
  Path Type:              Setup (Max at Slow Process Corner)
  Requirement:            3.334ns  (c0_sys_clk_p rise@3.334ns - c0_sys_clk_p rise@0.000ns)
  Data Path Delay:        1.195ns  (logic 0.370ns (30.965%)  route 0.825ns (69.035%))
  Logic Levels:           2  (LUT3=1 LUT5=1)
  Clock Path Skew:        -0.041ns (DCD - SCD + CPR)
    Destination Clock Delay (DCD):    1.717ns = ( 5.051 - 3.334 ) 
    Source Clock Delay      (SCD):    2.036ns
    Clock Pessimism Removal (CPR):    0.278ns
  Clock Uncertainty:      0.035ns  ((TSJ^2 + TIJ^2)^1/2 + DJ) / 2 + PE
    Total System Jitter     (TSJ):    0.071ns
    Total Input Jitter      (TIJ):    0.000ns
    Discrete Jitter          (DJ):    0.000ns
    Phase Error              (PE):    0.000ns
  Clock Net Delay (Source):      1.052ns (routing 0.171ns, distribution 0.881ns)
  Clock Net Delay (Destination): 0.903ns (routing 0.155ns, distribution 0.748ns)

    Location             Delay type                Incr(ns)  Path(ns)    Netlist Resource(s)
  -------------------------------------------------------------------    -------------------
                         (clock c0_sys_clk_p rise edge)
                                                      0.000     0.000 r  
    K22                                               0.000     0.000 r  c0_sys_clk_p (IN)
                         net (fo=0)                   0.100     0.100    i_ddr/inst/u_ddr4_mem_intfc/u_mig_ddr4_phy/inst/u_ddr4_phy_pll/diff_input_clk.u_ibufg_sys_clk/I
    HPIOBDIFFINBUF_X0Y58 DIFFINBUF (Prop_DIFFINBUF_HPIOBDIFFINBUF_DIFF_IN_P_O)
                                                      0.469     0.569 r  i_ddr/inst/u_ddr4_mem_intfc/u_mig_ddr4_phy/inst/u_ddr4_phy_pll/diff_input_clk.u_ibufg_sys_clk/DIFFINBUF_INST/O
                         net (fo=1, routed)           0.050     0.619    i_ddr/inst/u_ddr4_mem_intfc/u_mig_ddr4_phy/inst/u_ddr4_phy_pll/diff_input_clk.u_ibufg_sys_clk/OUT
    K22                  IBUFCTRL (Prop_IBUFCTRL_HPIOB_M_I_O)
                                                      0.000     0.619 r  i_ddr/inst/u_ddr4_mem_intfc/u_mig_ddr4_phy/inst/u_ddr4_phy_pll/diff_input_clk.u_ibufg_sys_clk/IBUFCTRL_INST/O
                         net (fo=2, routed)           0.336     0.955    i_ddr/inst/u_ddr4_mem_intfc/u_mig_ddr4_phy/inst/u_ddr4_phy_pll/sys_clk_in
    BUFGCE_X0Y54         BUFGCE (Prop_BUFCE_BUFGCE_I_O)
                                                      0.028     0.983 r  i_ddr/inst/u_ddr4_mem_intfc/u_mig_ddr4_phy/inst/u_ddr4_phy_pll/sys_clk_in_BUFGCE_collapsed_inst/O
    X0Y2 (CLOCK_ROOT)    net (fo=18, routed)          1.052     2.036    i_ddr/inst/u_ddr4_infrastructure/lopt
    SLICE_X2Y136         FDRE                                         r  i_ddr/inst/u_ddr4_infrastructure/counter_input_rst_reg[6]/C
  -------------------------------------------------------------------    -------------------
    SLICE_X2Y136         FDRE (Prop_EFF_SLICEL_C_Q)
                                                      0.079     2.115 f  i_ddr/inst/u_ddr4_infrastructure/counter_input_rst_reg[6]/Q
                         net (fo=7, routed)           0.358     2.473    i_ddr/inst/u_ddr4_infrastructure/counter_input_rst[6]
    SLICE_X3Y136         LUT3 (Prop_D5LUT_SLICEL_I2_O)
                                                      0.133     2.606 f  i_ddr/inst/u_ddr4_infrastructure/input_rst_mmcm_i_2/O
                         net (fo=1, routed)           0.167     2.773    i_ddr/inst/u_ddr4_infrastructure/input_rst_mmcm_i_2_n_0
    SLICE_X2Y136         LUT5 (Prop_C5LUT_SLICEL_I3_O)
                                                      0.158     2.931 r  i_ddr/inst/u_ddr4_infrastructure/input_rst_mmcm_i_1/O
                         net (fo=1, routed)           0.300     3.231    i_ddr/inst/u_ddr4_infrastructure/input_rst_mmcm_i_1_n_0
    SLICE_X2Y139         FDRE                                         r  i_ddr/inst/u_ddr4_infrastructure/input_rst_mmcm_reg/D
  -------------------------------------------------------------------    -------------------

                         (clock c0_sys_clk_p rise edge)
                                                      3.334     3.334 r  
    K22                                               0.000     3.334 r  c0_sys_clk_p (IN)
                         net (fo=0)                   0.079     3.413    i_ddr/inst/u_ddr4_mem_intfc/u_mig_ddr4_phy/inst/u_ddr4_phy_pll/diff_input_clk.u_ibufg_sys_clk/I
    HPIOBDIFFINBUF_X0Y58 DIFFINBUF (Prop_DIFFINBUF_HPIOBDIFFINBUF_DIFF_IN_P_O)
                                                      0.374     3.787 r  i_ddr/inst/u_ddr4_mem_intfc/u_mig_ddr4_phy/inst/u_ddr4_phy_pll/diff_input_clk.u_ibufg_sys_clk/DIFFINBUF_INST/O
                         net (fo=1, routed)           0.040     3.827    i_ddr/inst/u_ddr4_mem_intfc/u_mig_ddr4_phy/inst/u_ddr4_phy_pll/diff_input_clk.u_ibufg_sys_clk/OUT
    K22                  IBUFCTRL (Prop_IBUFCTRL_HPIOB_M_I_O)
                                                      0.000     3.827 r  i_ddr/inst/u_ddr4_mem_intfc/u_mig_ddr4_phy/inst/u_ddr4_phy_pll/diff_input_clk.u_ibufg_sys_clk/IBUFCTRL_INST/O
                         net (fo=2, routed)           0.297     4.124    i_ddr/inst/u_ddr4_mem_intfc/u_mig_ddr4_phy/inst/u_ddr4_phy_pll/sys_clk_in
    BUFGCE_X0Y54         BUFGCE (Prop_BUFCE_BUFGCE_I_O)
                                                      0.024     4.148 r  i_ddr/inst/u_ddr4_mem_intfc/u_mig_ddr4_phy/inst/u_ddr4_phy_pll/sys_clk_in_BUFGCE_collapsed_inst/O
    X0Y2 (CLOCK_ROOT)    net (fo=18, routed)          0.903     5.051    i_ddr/inst/u_ddr4_infrastructure/lopt
    SLICE_X2Y139         FDRE                                         r  i_ddr/inst/u_ddr4_infrastructure/input_rst_mmcm_reg/C
                         clock pessimism              0.278     5.328    
                         clock uncertainty           -0.035     5.293    
    SLICE_X2Y139         FDRE (Setup_EFF_SLICEL_C_D)
                                                      0.025     5.318    i_ddr/inst/u_ddr4_infrastructure/input_rst_mmcm_reg
  -------------------------------------------------------------------
                         required time                          5.318    
                         arrival time                          -3.231    
  -------------------------------------------------------------------
                         slack                                  2.087    

Slack (MET) :             2.454ns  (required time - arrival time)
  Source:                 i_xlnx_axi_clock_converter_ddr/inst/gen_clock_conv.gen_async_conv.asyncfifo_axi/inst_fifo_gen/gaxi_full_lite.gwrite_ch.gwrch2.axi_wrch/grf.rf/gntv_or_sync_fifo.gcx.clkx/wr_pntr_cdc_inst/src_gray_ff_reg[0]/C
                            (rising edge-triggered cell FDRE clocked by mmcm_clkout0  {rise@0.000ns fall@1.500ns period=3.001ns})
  Destination:            i_xlnx_axi_clock_converter_ddr/inst/gen_clock_conv.gen_async_conv.asyncfifo_axi/inst_fifo_gen/gaxi_full_lite.gwrite_ch.gwrch2.axi_wrch/grf.rf/gntv_or_sync_fifo.gcx.clkx/wr_pntr_cdc_inst/dest_graysync_ff_reg[0][0]/D
                            (rising edge-triggered cell FDRE clocked by clk_out1_xlnx_clk_gen  {rise@0.000ns fall@10.000ns period=20.000ns})
  Path Group:             clk_out1_xlnx_clk_gen
  Path Type:              Setup (Max at Slow Process Corner)
  Requirement:            3.001ns  (MaxDelay Path 3.001ns)
  Data Path Delay:        0.572ns  (logic 0.079ns (13.811%)  route 0.493ns (86.189%))
  Logic Levels:           0  
  Timing Exception:       MaxDelay Path 3.001ns -datapath_only

    Location             Delay type                Incr(ns)  Path(ns)    Netlist Resource(s)
  -------------------------------------------------------------------    -------------------
    SLICE_X27Y146                                     0.000     0.000 r  i_xlnx_axi_clock_converter_ddr/inst/gen_clock_conv.gen_async_conv.asyncfifo_axi/inst_fifo_gen/gaxi_full_lite.gwrite_ch.gwrch2.axi_wrch/grf.rf/gntv_or_sync_fifo.gcx.clkx/wr_pntr_cdc_inst/src_gray_ff_reg[0]/C
    SLICE_X27Y146        FDRE (Prop_GFF_SLICEL_C_Q)
                                                      0.079     0.079 r  i_xlnx_axi_clock_converter_ddr/inst/gen_clock_conv.gen_async_conv.asyncfifo_axi/inst_fifo_gen/gaxi_full_lite.gwrite_ch.gwrch2.axi_wrch/grf.rf/gntv_or_sync_fifo.gcx.clkx/wr_pntr_cdc_inst/src_gray_ff_reg[0]/Q
                         net (fo=1, routed)           0.493     0.572    i_xlnx_axi_clock_converter_ddr/inst/gen_clock_conv.gen_async_conv.asyncfifo_axi/inst_fifo_gen/gaxi_full_lite.gwrite_ch.gwrch2.axi_wrch/grf.rf/gntv_or_sync_fifo.gcx.clkx/wr_pntr_cdc_inst/async_path[0]
    SLICE_X27Y146        FDRE                                         r  i_xlnx_axi_clock_converter_ddr/inst/gen_clock_conv.gen_async_conv.asyncfifo_axi/inst_fifo_gen/gaxi_full_lite.gwrite_ch.gwrch2.axi_wrch/grf.rf/gntv_or_sync_fifo.gcx.clkx/wr_pntr_cdc_inst/dest_graysync_ff_reg[0][0]/D
  -------------------------------------------------------------------    -------------------

                         max delay                    3.001     3.001    
    SLICE_X27Y146        FDRE (Setup_DFF2_SLICEL_C_D)
                                                      0.025     3.026    i_xlnx_axi_clock_converter_ddr/inst/gen_clock_conv.gen_async_conv.asyncfifo_axi/inst_fifo_gen/gaxi_full_lite.gwrite_ch.gwrch2.axi_wrch/grf.rf/gntv_or_sync_fifo.gcx.clkx/wr_pntr_cdc_inst/dest_graysync_ff_reg[0][0]
  -------------------------------------------------------------------
                         required time                          3.026    
                         arrival time                          -0.572    
  -------------------------------------------------------------------
                         slack                                  2.454    

Slack (MET) :             9.461ns  (required time - arrival time)
  Source:                 dbg_hub/inst/BSCANID.u_xsdbm_id/CORE_XSDB.UUT_MASTER/U_XSDB_ADDRESS_CONTROLLER/addr_reg[11]/C
                            (rising edge-triggered cell FDRE clocked by mmcm_clkout5  {rise@0.000ns fall@6.001ns period=12.002ns})
  Destination:            i_ddr/inst/u_ddr4_mem_intfc/u_ddr_cal_top/u_ddr_cal/U_XSDB_SLAVE/reg_test_reg[9]/CE
                            (rising edge-triggered cell FDRE clocked by mmcm_clkout5  {rise@0.000ns fall@6.001ns period=12.002ns})
  Path Group:             mmcm_clkout5
  Path Type:              Setup (Max at Slow Process Corner)
  Requirement:            12.002ns  (mmcm_clkout5 rise@12.002ns - mmcm_clkout5 rise@0.000ns)
  Data Path Delay:        2.165ns  (logic 0.214ns (9.884%)  route 1.951ns (90.116%))
  Logic Levels:           2  (LUT6=2)
  Clock Path Skew:        -0.241ns (DCD - SCD + CPR)
    Destination Clock Delay (DCD):    4.144ns = ( 16.147 - 12.002 ) 
    Source Clock Delay      (SCD):    4.076ns
    Clock Pessimism Removal (CPR):    -0.309ns
  Clock Uncertainty:      0.076ns  ((TSJ^2 + DJ^2)^1/2) / 2 + PE
    Total System Jitter     (TSJ):    0.071ns
    Discrete Jitter          (DJ):    0.134ns
    Phase Error              (PE):    0.000ns
  Clock Net Delay (Source):      2.067ns (routing 1.042ns, distribution 1.025ns)
  Clock Net Delay (Destination): 1.688ns (routing 0.945ns, distribution 0.743ns)

    Location             Delay type                Incr(ns)  Path(ns)    Netlist Resource(s)
  -------------------------------------------------------------------    -------------------
                         (clock mmcm_clkout5 rise edge)
                                                      0.000     0.000 r  
    K22                                               0.000     0.000 r  c0_sys_clk_p (IN)
                         net (fo=0)                   0.100     0.100    i_ddr/inst/u_ddr4_mem_intfc/u_mig_ddr4_phy/inst/u_ddr4_phy_pll/diff_input_clk.u_ibufg_sys_clk/I
    HPIOBDIFFINBUF_X0Y58 DIFFINBUF (Prop_DIFFINBUF_HPIOBDIFFINBUF_DIFF_IN_P_O)
                                                      0.469     0.569 r  i_ddr/inst/u_ddr4_mem_intfc/u_mig_ddr4_phy/inst/u_ddr4_phy_pll/diff_input_clk.u_ibufg_sys_clk/DIFFINBUF_INST/O
                         net (fo=1, routed)           0.050     0.619    i_ddr/inst/u_ddr4_mem_intfc/u_mig_ddr4_phy/inst/u_ddr4_phy_pll/diff_input_clk.u_ibufg_sys_clk/OUT
    K22                  IBUFCTRL (Prop_IBUFCTRL_HPIOB_M_I_O)
                                                      0.000     0.619 r  i_ddr/inst/u_ddr4_mem_intfc/u_mig_ddr4_phy/inst/u_ddr4_phy_pll/diff_input_clk.u_ibufg_sys_clk/IBUFCTRL_INST/O
                         net (fo=2, routed)           0.336     0.955    i_ddr/inst/u_ddr4_mem_intfc/u_mig_ddr4_phy/inst/u_ddr4_phy_pll/sys_clk_in
    BUFGCE_X0Y54         BUFGCE (Prop_BUFCE_BUFGCE_I_O)
                                                      0.028     0.983 r  i_ddr/inst/u_ddr4_mem_intfc/u_mig_ddr4_phy/inst/u_ddr4_phy_pll/sys_clk_in_BUFGCE_collapsed_inst/O
                         net (fo=18, routed)          0.888     1.871    i_ddr/inst/u_ddr4_infrastructure/mmcm_clk_in
    MMCM_X0Y3            MMCME4_ADV (Prop_MMCM_CLKIN1_CLKOUT5)
                                                     -0.127     1.744 r  i_ddr/inst/u_ddr4_infrastructure/gen_mmcme4.u_mmcme_adv_inst/CLKOUT5
                         net (fo=1, routed)           0.236     1.980    i_ddr/inst/u_ddr4_infrastructure/mmcm_clkout5
    BUFGCE_X0Y94         BUFGCE (Prop_BUFCE_BUFGCE_I_O)
                                                      0.028     2.008 r  i_ddr/inst/u_ddr4_infrastructure/u_bufg_dbg_clk/O
    X0Y1 (CLOCK_ROOT)    net (fo=568, routed)         2.067     4.076    dbg_hub/inst/BSCANID.u_xsdbm_id/CORE_XSDB.UUT_MASTER/U_XSDB_ADDRESS_CONTROLLER/clk
    SLICE_X44Y132        FDRE                                         r  dbg_hub/inst/BSCANID.u_xsdbm_id/CORE_XSDB.UUT_MASTER/U_XSDB_ADDRESS_CONTROLLER/addr_reg[11]/C
  -------------------------------------------------------------------    -------------------
    SLICE_X44Y132        FDRE (Prop_DFF_SLICEM_C_Q)
                                                      0.078     4.154 r  dbg_hub/inst/BSCANID.u_xsdbm_id/CORE_XSDB.UUT_MASTER/U_XSDB_ADDRESS_CONTROLLER/addr_reg[11]/Q
                         net (fo=3, routed)           1.075     5.229    i_ddr/inst/u_ddr4_mem_intfc/u_ddr_cal_top/u_ddr_cal/U_XSDB_SLAVE/sl_iport_i[15]
    SLICE_X25Y135        LUT6 (Prop_G6LUT_SLICEM_I0_O)
                                                      0.037     5.266 r  i_ddr/inst/u_ddr4_mem_intfc/u_ddr_cal_top/u_ddr_cal/U_XSDB_SLAVE/G_1PIPE_IFACE.s_den_r_i_2/O
                         net (fo=3, routed)           0.164     5.430    i_ddr/inst/u_ddr4_mem_intfc/u_ddr_cal_top/u_ddr_cal/U_XSDB_SLAVE/G_1PIPE_IFACE.s_den_r_i_2_n_0
    SLICE_X24Y135        LUT6 (Prop_H6LUT_SLICEL_I0_O)
                                                      0.099     5.529 r  i_ddr/inst/u_ddr4_mem_intfc/u_ddr_cal_top/u_ddr_cal/U_XSDB_SLAVE/reg_test[15]_i_1/O
                         net (fo=16, routed)          0.712     6.241    i_ddr/inst/u_ddr4_mem_intfc/u_ddr_cal_top/u_ddr_cal/U_XSDB_SLAVE/reg_test0
    SLICE_X26Y138        FDRE                                         r  i_ddr/inst/u_ddr4_mem_intfc/u_ddr_cal_top/u_ddr_cal/U_XSDB_SLAVE/reg_test_reg[9]/CE
  -------------------------------------------------------------------    -------------------

                         (clock mmcm_clkout5 rise edge)
                                                     12.002    12.002 r  
    K22                                               0.000    12.002 r  c0_sys_clk_p (IN)
                         net (fo=0)                   0.079    12.081    i_ddr/inst/u_ddr4_mem_intfc/u_mig_ddr4_phy/inst/u_ddr4_phy_pll/diff_input_clk.u_ibufg_sys_clk/I
    HPIOBDIFFINBUF_X0Y58 DIFFINBUF (Prop_DIFFINBUF_HPIOBDIFFINBUF_DIFF_IN_P_O)
                                                      0.374    12.455 r  i_ddr/inst/u_ddr4_mem_intfc/u_mig_ddr4_phy/inst/u_ddr4_phy_pll/diff_input_clk.u_ibufg_sys_clk/DIFFINBUF_INST/O
                         net (fo=1, routed)           0.040    12.495    i_ddr/inst/u_ddr4_mem_intfc/u_mig_ddr4_phy/inst/u_ddr4_phy_pll/diff_input_clk.u_ibufg_sys_clk/OUT
    K22                  IBUFCTRL (Prop_IBUFCTRL_HPIOB_M_I_O)
                                                      0.000    12.495 r  i_ddr/inst/u_ddr4_mem_intfc/u_mig_ddr4_phy/inst/u_ddr4_phy_pll/diff_input_clk.u_ibufg_sys_clk/IBUFCTRL_INST/O
                         net (fo=2, routed)           0.297    12.792    i_ddr/inst/u_ddr4_mem_intfc/u_mig_ddr4_phy/inst/u_ddr4_phy_pll/sys_clk_in
    BUFGCE_X0Y54         BUFGCE (Prop_BUFCE_BUFGCE_I_O)
                                                      0.024    12.816 r  i_ddr/inst/u_ddr4_mem_intfc/u_mig_ddr4_phy/inst/u_ddr4_phy_pll/sys_clk_in_BUFGCE_collapsed_inst/O
                         net (fo=18, routed)          0.782    13.598    i_ddr/inst/u_ddr4_infrastructure/mmcm_clk_in
    MMCM_X0Y3            MMCME4_ADV (Prop_MMCM_CLKIN1_CLKOUT5)
                                                      0.630    14.228 r  i_ddr/inst/u_ddr4_infrastructure/gen_mmcme4.u_mmcme_adv_inst/CLKOUT5
                         net (fo=1, routed)           0.207    14.435    i_ddr/inst/u_ddr4_infrastructure/mmcm_clkout5
    BUFGCE_X0Y94         BUFGCE (Prop_BUFCE_BUFGCE_I_O)
                                                      0.024    14.459 r  i_ddr/inst/u_ddr4_infrastructure/u_bufg_dbg_clk/O
    X0Y1 (CLOCK_ROOT)    net (fo=568, routed)         1.688    16.147    i_ddr/inst/u_ddr4_mem_intfc/u_ddr_cal_top/u_ddr_cal/U_XSDB_SLAVE/sl_iport_i[1]
    SLICE_X26Y138        FDRE                                         r  i_ddr/inst/u_ddr4_mem_intfc/u_ddr_cal_top/u_ddr_cal/U_XSDB_SLAVE/reg_test_reg[9]/C
                         clock pessimism             -0.309    15.837    
                         clock uncertainty           -0.076    15.762    
    SLICE_X26Y138        FDRE (Setup_HFF2_SLICEL_C_CE)
                                                     -0.060    15.702    i_ddr/inst/u_ddr4_mem_intfc/u_ddr_cal_top/u_ddr_cal/U_XSDB_SLAVE/reg_test_reg[9]
  -------------------------------------------------------------------
                         required time                         15.702    
                         arrival time                          -6.241    
  -------------------------------------------------------------------
                         slack                                  9.461    

Slack (MET) :             11.670ns  (required time - arrival time)
  Source:                 dbg_hub/inst/BSCANID.u_xsdbm_id/CORE_XSDB.UUT_MASTER/U_ICON_INTERFACE/U_CMD6_RD/U_RD_FIFO/SUBCORE_FIFO.xsdbm_v3_0_0_rdfifo_inst/inst_fifo_gen/gconvfifo.rf/grf.rf/gntv_or_sync_fifo.gcx.clkx/gnxpm_cdc.wr_pntr_gc_reg[3]/C
                            (rising edge-triggered cell FDCE clocked by mmcm_clkout5  {rise@0.000ns fall@6.001ns period=12.002ns})
  Destination:            dbg_hub/inst/BSCANID.u_xsdbm_id/CORE_XSDB.UUT_MASTER/U_ICON_INTERFACE/U_CMD6_RD/U_RD_FIFO/SUBCORE_FIFO.xsdbm_v3_0_0_rdfifo_inst/inst_fifo_gen/gconvfifo.rf/grf.rf/gntv_or_sync_fifo.gcx.clkx/gnxpm_cdc.gsync_stage[1].rd_stg_inst/Q_reg_reg[3]/D
                            (rising edge-triggered cell FDCE clocked by dbg_hub/inst/BSCANID.u_xsdbm_id/SWITCH_N_EXT_BSCAN.bscan_inst/SERIES7_BSCAN.bscan_inst/INTERNAL_TCK  {rise@0.000ns fall@25.000ns period=50.000ns})
  Path Group:             dbg_hub/inst/BSCANID.u_xsdbm_id/SWITCH_N_EXT_BSCAN.bscan_inst/SERIES7_BSCAN.bscan_inst/INTERNAL_TCK
  Path Type:              Setup (Max at Slow Process Corner)
  Requirement:            12.002ns  (MaxDelay Path 12.002ns)
  Data Path Delay:        0.357ns  (logic 0.077ns (21.569%)  route 0.280ns (78.431%))
  Logic Levels:           0  
  Timing Exception:       MaxDelay Path 12.002ns -datapath_only

    Location             Delay type                Incr(ns)  Path(ns)    Netlist Resource(s)
  -------------------------------------------------------------------    -------------------
    SLICE_X44Y113                                     0.000     0.000 r  dbg_hub/inst/BSCANID.u_xsdbm_id/CORE_XSDB.UUT_MASTER/U_ICON_INTERFACE/U_CMD6_RD/U_RD_FIFO/SUBCORE_FIFO.xsdbm_v3_0_0_rdfifo_inst/inst_fifo_gen/gconvfifo.rf/grf.rf/gntv_or_sync_fifo.gcx.clkx/gnxpm_cdc.wr_pntr_gc_reg[3]/C
    SLICE_X44Y113        FDCE (Prop_AFF_SLICEM_C_Q)
                                                      0.077     0.077 r  dbg_hub/inst/BSCANID.u_xsdbm_id/CORE_XSDB.UUT_MASTER/U_ICON_INTERFACE/U_CMD6_RD/U_RD_FIFO/SUBCORE_FIFO.xsdbm_v3_0_0_rdfifo_inst/inst_fifo_gen/gconvfifo.rf/grf.rf/gntv_or_sync_fifo.gcx.clkx/gnxpm_cdc.wr_pntr_gc_reg[3]/Q
                         net (fo=1, routed)           0.280     0.357    dbg_hub/inst/BSCANID.u_xsdbm_id/CORE_XSDB.UUT_MASTER/U_ICON_INTERFACE/U_CMD6_RD/U_RD_FIFO/SUBCORE_FIFO.xsdbm_v3_0_0_rdfifo_inst/inst_fifo_gen/gconvfifo.rf/grf.rf/gntv_or_sync_fifo.gcx.clkx/gnxpm_cdc.gsync_stage[1].rd_stg_inst/Q[3]
    SLICE_X44Y113        FDCE                                         r  dbg_hub/inst/BSCANID.u_xsdbm_id/CORE_XSDB.UUT_MASTER/U_ICON_INTERFACE/U_CMD6_RD/U_RD_FIFO/SUBCORE_FIFO.xsdbm_v3_0_0_rdfifo_inst/inst_fifo_gen/gconvfifo.rf/grf.rf/gntv_or_sync_fifo.gcx.clkx/gnxpm_cdc.gsync_stage[1].rd_stg_inst/Q_reg_reg[3]/D
  -------------------------------------------------------------------    -------------------

                         max delay                   12.002    12.002    
    SLICE_X44Y113        FDCE (Setup_FFF2_SLICEM_C_D)
                                                      0.025    12.027    dbg_hub/inst/BSCANID.u_xsdbm_id/CORE_XSDB.UUT_MASTER/U_ICON_INTERFACE/U_CMD6_RD/U_RD_FIFO/SUBCORE_FIFO.xsdbm_v3_0_0_rdfifo_inst/inst_fifo_gen/gconvfifo.rf/grf.rf/gntv_or_sync_fifo.gcx.clkx/gnxpm_cdc.gsync_stage[1].rd_stg_inst/Q_reg_reg[3]
  -------------------------------------------------------------------
                         required time                         12.027    
                         arrival time                          -0.357    
  -------------------------------------------------------------------
                         slack                                 11.670    

Slack (MET) :             18.949ns  (required time - arrival time)
  Source:                 i_dmi_jtag/i_dmi_cdc/i_cdc_req/i_dst/ack_dst_q_reg/C
                            (rising edge-triggered cell FDCE clocked by clk_out1_xlnx_clk_gen  {rise@0.000ns fall@10.000ns period=20.000ns})
  Destination:            i_dmi_jtag/i_dmi_cdc/i_cdc_req/i_src/ack_src_q_reg/D
                            (rising edge-triggered cell FDCE clocked by tck  {rise@0.000ns fall@50.000ns period=100.000ns})
  Path Group:             tck
  Path Type:              Setup (Max at Slow Process Corner)
  Requirement:            20.000ns  (MaxDelay Path 20.000ns)
  Data Path Delay:        1.076ns  (logic 0.078ns (7.248%)  route 0.998ns (92.752%))
  Logic Levels:           0  
  Timing Exception:       MaxDelay Path 20.000ns -datapath_only

    Location             Delay type                Incr(ns)  Path(ns)    Netlist Resource(s)
  -------------------------------------------------------------------    -------------------
    SLICE_X34Y132                                     0.000     0.000 r  i_dmi_jtag/i_dmi_cdc/i_cdc_req/i_dst/ack_dst_q_reg/C
    SLICE_X34Y132        FDCE (Prop_DFF_SLICEM_C_Q)
                                                      0.078     0.078 r  i_dmi_jtag/i_dmi_cdc/i_cdc_req/i_dst/ack_dst_q_reg/Q
                         net (fo=11, routed)          0.998     1.076    i_dmi_jtag/i_dmi_cdc/i_cdc_req/i_src/ack_src_q_reg_0
    SLICE_X40Y122        FDCE                                         r  i_dmi_jtag/i_dmi_cdc/i_cdc_req/i_src/ack_src_q_reg/D
  -------------------------------------------------------------------    -------------------

                         max delay                   20.000    20.000    
    SLICE_X40Y122        FDCE (Setup_GFF2_SLICEL_C_D)
                                                      0.025    20.025    i_dmi_jtag/i_dmi_cdc/i_cdc_req/i_src/ack_src_q_reg
  -------------------------------------------------------------------
                         required time                         20.025    
                         arrival time                          -1.076    
  -------------------------------------------------------------------
                         slack                                 18.949    




